\BOOKMARK [1][-]{section.1}{\376\377\000I\000n\000t\000r\000o\000d\000u\000c\000t\000i\000o\000n}{}% 1
\BOOKMARK [2][-]{subsection.1.1}{\376\377\000F\000r\000o\000m\000\040\000B\000l\000o\000c\000k\000\040\000O\000r\000d\000e\000r\000i\000n\000g\000\040\000t\000o\000\040\000E\000x\000e\000c\000u\000t\000i\000o\000n\000\040\000O\000r\000d\000e\000r\000i\000n\000g}{section.1}% 2
\BOOKMARK [2][-]{subsection.1.2}{\376\377\000O\000u\000r\000\040\000C\000o\000n\000t\000r\000i\000b\000u\000t\000i\000o\000n\000s}{section.1}% 3
\BOOKMARK [2][-]{subsection.1.3}{\376\377\000P\000a\000p\000e\000r\000\040\000O\000r\000g\000a\000n\000i\000z\000a\000t\000i\000o\000n}{section.1}% 4
\BOOKMARK [2][-]{subsection.1.4}{\376\377\000T\000e\000r\000m\000i\000n\000o\000l\000o\000g\000y\000\040\000a\000n\000d\000\040\000N\000o\000t\000a\000t\000i\000o\000n}{section.1}% 5
\BOOKMARK [1][-]{section.2}{\376\377\000B\000a\000c\000k\000g\000r\000o\000u\000n\000d\000\040\000a\000n\000d\000\040\000M\000o\000t\000i\000v\000a\000t\000i\000o\000n}{}% 6
\BOOKMARK [2][-]{subsection.2.1}{\376\377\000T\000e\000r\000m\000i\000n\000o\000l\000o\000g\000y\000:\000\040\000P\000o\000W\000\040\000D\000A\000G\000\040\000L\000e\000d\000g\000e\000r\000s}{section.2}% 7
\BOOKMARK [2][-]{subsection.2.2}{\376\377\000B\000l\000o\000c\000k\000c\000h\000a\000i\000n\000\040\000T\000r\000a\000n\000s\000a\000c\000t\000i\000o\000n\000\040\000O\000r\000d\000e\000r\000i\000n\000g\000\040\000a\000n\000d\000\040\000P\000r\000o\000o\000f\000s}{section.2}% 8
\BOOKMARK [2][-]{subsection.2.3}{\376\377\000M\000e\000r\000k\000l\000e\000\040\000M\000o\000u\000n\000t\000a\000i\000n\000\040\000R\000a\000n\000g\000e\000s\000\040\000\050\000M\000M\000R\000\051}{section.2}% 9
\BOOKMARK [2][-]{subsection.2.4}{\376\377\000G\000H\000O\000S\000T\000D\000A\000G\000,\000\040\000S\000e\000l\000e\000c\000t\000e\000d\000\040\000C\000h\000a\000i\000n\000,\000\040\000a\000n\000d\000\040\000C\000o\000n\000s\000e\000n\000s\000u\000s\000-\000D\000e\000t\000e\000r\000m\000i\000n\000e\000d\000\040\000T\000r\000a\000n\000s\000a\000c\000t\000i\000o\000n\000\040\000S\000e\000q\000u\000e\000n\000c\000e}{section.2}% 10
\BOOKMARK [3][-]{subsubsection.2.4.1}{\376\377\000F\000o\000r\000m\000a\000l\000\040\000M\000o\000d\000e\000l\000:\000\040\000T\000r\000a\000n\000s\000a\000c\000t\000i\000o\000n\000\040\000S\000e\000q\000u\000e\000n\000c\000e\000\040\000D\000e\000r\000i\000v\000a\000t\000i\000o\000n}{subsection.2.4}% 11
\BOOKMARK [3][-]{subsubsection.2.4.2}{\376\377\000C\000o\000n\000s\000e\000n\000s\000u\000s\000\040\000A\000P\000I\000\040\000C\000o\000n\000t\000r\000a\000c\000t}{subsection.2.4}% 12
\BOOKMARK [1][-]{section.3}{\376\377\000M\000M\000R\000\040\000E\000x\000e\000c\000u\000t\000i\000o\000n\000-\000L\000o\000g\000\040\000C\000o\000m\000m\000i\000t\000m\000e\000n\000t\000\040\000D\000e\000s\000i\000g\000n}{}% 13
\BOOKMARK [2][-]{subsection.3.1}{\376\377\000B\000l\000o\000c\000k\000\040\000H\000e\000a\000d\000e\000r\000\040\000M\000o\000d\000i\000f\000i\000c\000a\000t\000i\000o\000n\000s}{section.3}% 14
\BOOKMARK [2][-]{subsection.3.2}{\376\377\000C\000o\000n\000s\000e\000n\000s\000u\000s\000\040\000I\000m\000p\000a\000c\000t\000\040\000S\000t\000a\000t\000e\000m\000e\000n\000t}{section.3}% 15
\BOOKMARK [3][-]{subsubsection.3.2.1}{\376\377\000N\000e\000w\000\040\000V\000a\000l\000i\000d\000a\000t\000i\000o\000n\000\040\000R\000u\000l\000e\000s}{subsection.3.2}% 16
\BOOKMARK [3][-]{subsubsection.3.2.2}{\376\377\000I\000m\000p\000a\000c\000t\000\040\000o\000n\000\040\000B\000l\000o\000c\000k\000\040\000H\000a\000s\000h}{subsection.3.2}% 17
\BOOKMARK [3][-]{subsubsection.3.2.3}{\376\377\000R\000e\000o\000r\000g\000\040\000H\000a\000n\000d\000l\000i\000n\000g}{subsection.3.2}% 18
\BOOKMARK [3][-]{subsubsection.3.2.4}{\376\377\000A\000c\000t\000i\000v\000a\000t\000i\000o\000n\000\040\000a\000n\000d\000\040\000U\000p\000g\000r\000a\000d\000e\000\040\000P\000a\000t\000h}{subsection.3.2}% 19
\BOOKMARK [2][-]{subsection.3.3}{\376\377\000C\000a\000n\000o\000n\000i\000c\000a\000l\000\040\000E\000x\000e\000c\000u\000t\000i\000o\000n\000\040\000O\000r\000d\000e\000r\000\040\000a\000n\000d\000\040\000E\000x\000e\000c\000R\000o\000o\000t\000\040\000C\000o\000m\000p\000u\000t\000a\000t\000i\000o\000n}{section.3}% 20
\BOOKMARK [2][-]{subsection.3.4}{\376\377\000M\000M\000R\000\040\000L\000e\000a\000f\000\040\000a\000n\000d\000\040\000I\000n\000t\000e\000r\000n\000a\000l\000\040\000H\000a\000s\000h\000i\000n\000g\000\040\000S\000c\000h\000e\000m\000e}{section.3}% 21
\BOOKMARK [3][-]{subsubsection.3.4.1}{\376\377\000H\000a\000s\000h\000\040\000F\000u\000n\000c\000t\000i\000o\000n\000\040\000S\000p\000e\000c\000i\000f\000i\000c\000a\000t\000i\000o\000n}{subsection.3.4}% 22
\BOOKMARK [2][-]{subsection.3.5}{\376\377\000C\000o\000n\000s\000e\000n\000s\000u\000s\000\040\000V\000a\000l\000i\000d\000a\000t\000i\000o\000n\000\040\000R\000u\000l\000e\000s}{section.3}% 23
\BOOKMARK [2][-]{subsection.3.6}{\376\377\000I\000n\000t\000e\000g\000r\000a\000t\000i\000o\000n\000\040\000w\000i\000t\000h\000\040\000C\000o\000n\000s\000e\000n\000s\000u\000s\000\040\000E\000x\000e\000c\000u\000t\000i\000o\000n}{section.3}% 24
\BOOKMARK [3][-]{subsubsection.3.6.1}{\376\377\000W\000h\000y\000\040\000A\000u\000x\000i\000l\000i\000a\000r\000y\000\040\000M\000M\000R\000\040\000i\000s\000\040\000I\000n\000s\000u\000f\000f\000i\000c\000i\000e\000n\000t\000\040\000f\000o\000r\000\040\000L\0002}{subsection.3.6}% 25
\BOOKMARK [3][-]{subsubsection.3.6.2}{\376\377\000E\000x\000e\000c\000u\000t\000i\000o\000n\000\040\000P\000i\000p\000e\000l\000i\000n\000e\000\040\000I\000n\000t\000e\000g\000r\000a\000t\000i\000o\000n}{subsection.3.6}% 26
\BOOKMARK [3][-]{subsubsection.3.6.3}{\376\377\000A\000t\000o\000m\000i\000c\000i\000t\000y\000\040\000w\000i\000t\000h\000\040\000C\000h\000a\000i\000n\000\040\000S\000t\000a\000t\000e}{subsection.3.6}% 27
\BOOKMARK [3][-]{subsubsection.3.6.4}{\376\377\000I\000m\000p\000l\000i\000c\000a\000t\000i\000o\000n\000s\000\040\000f\000o\000r\000\040\000L\0002\000\040\000S\000y\000s\000t\000e\000m\000s}{subsection.3.6}% 28
\BOOKMARK [1][-]{section.4}{\376\377\000H\000a\000n\000d\000l\000i\000n\000g\000\040\000R\000e\000o\000r\000g\000a\000n\000i\000z\000a\000t\000i\000o\000n\000s\000\040\000a\000n\000d\000\040\000F\000o\000r\000k\000s}{}% 29
\BOOKMARK [2][-]{subsection.4.1}{\376\377\000R\000e\000o\000r\000g\000\040\000R\000o\000l\000l\000b\000a\000c\000k\000\040\000a\000n\000d\000\040\000R\000e\000c\000o\000m\000p\000u\000t\000e}{section.4}% 30
\BOOKMARK [2][-]{subsection.4.2}{\376\377\000R\000e\000o\000r\000g\000\040\000W\000i\000n\000d\000o\000w\000\040\000a\000n\000d\000\040\000C\000h\000e\000c\000k\000p\000o\000i\000n\000t\000\040\000P\000o\000l\000i\000c\000y}{section.4}% 31
\BOOKMARK [2][-]{subsection.4.3}{\376\377\000M\000M\000R\000\040\000N\000o\000d\000e\000\040\000S\000t\000o\000r\000a\000g\000e\000\040\000\050\000E\000n\000a\000b\000l\000i\000n\000g\000\040\000P\000r\000o\000o\000f\000\040\000G\000e\000n\000e\000r\000a\000t\000i\000o\000n\000\051}{section.4}% 32
\BOOKMARK [2][-]{subsection.4.4}{\376\377\000P\000r\000u\000n\000i\000n\000g\000\040\000a\000n\000d\000\040\000C\000h\000e\000c\000k\000p\000o\000i\000n\000t\000i\000n\000g}{section.4}% 33
\BOOKMARK [2][-]{subsection.4.5}{\376\377\000R\000o\000l\000l\000i\000n\000g\000\040\000M\000M\000R\000\040\000f\000o\000r\000\040\000L\000o\000n\000g\000-\000T\000e\000r\000m\000\040\000S\000c\000a\000l\000a\000b\000i\000l\000i\000t\000y}{section.4}% 34
\BOOKMARK [3][-]{subsubsection.4.5.1}{\376\377\000C\000h\000e\000c\000k\000p\000o\000i\000n\000t\000-\000B\000a\000s\000e\000d\000\040\000M\000M\000R\000\040\000R\000o\000l\000l\000i\000n\000g}{subsection.4.5}% 35
\BOOKMARK [3][-]{subsubsection.4.5.2}{\376\377\000P\000r\000o\000o\000f\000\040\000G\000e\000n\000e\000r\000a\000t\000i\000o\000n\000\040\000w\000i\000t\000h\000\040\000R\000o\000l\000l\000i\000n\000g\000\040\000M\000M\000R}{subsection.4.5}% 36
\BOOKMARK [3][-]{subsubsection.4.5.3}{\376\377\000N\000o\000d\000e\000\040\000C\000a\000p\000a\000b\000i\000l\000i\000t\000y\000\040\000T\000i\000e\000r\000s}{subsection.4.5}% 37
\BOOKMARK [3][-]{subsubsection.4.5.4}{\376\377\000S\000t\000o\000r\000a\000g\000e\000\040\000T\000r\000a\000d\000e\000-\000o\000f\000f\000s}{subsection.4.5}% 38
\BOOKMARK [3][-]{subsubsection.4.5.5}{\376\377\000P\000r\000o\000o\000f\000\040\000A\000v\000a\000i\000l\000a\000b\000i\000l\000i\000t\000y\000:\000\040\000F\000o\000r\000m\000a\000l\000\040\000M\000o\000d\000e\000l}{subsection.4.5}% 39
\BOOKMARK [3][-]{subsubsection.4.5.6}{\376\377\000N\000o\000d\000e\000\040\000C\000a\000p\000a\000b\000i\000l\000i\000t\000y\000\040\000T\000i\000e\000r\000s}{subsection.4.5}% 40
\BOOKMARK [3][-]{subsubsection.4.5.7}{\376\377\000M\000i\000n\000i\000m\000u\000m\000\040\000D\000a\000t\000a\000\040\000R\000e\000t\000e\000n\000t\000i\000o\000n\000\040\000R\000e\000q\000u\000i\000r\000e\000m\000e\000n\000t\000s}{subsection.4.5}% 41
\BOOKMARK [3][-]{subsubsection.4.5.8}{\376\377\000F\000a\000i\000l\000u\000r\000e\000\040\000M\000o\000d\000e\000s\000\040\000a\000n\000d\000\040\000M\000i\000t\000i\000g\000a\000t\000i\000o\000n\000s}{subsection.4.5}% 42
\BOOKMARK [3][-]{subsubsection.4.5.9}{\376\377\000E\000c\000o\000n\000o\000m\000i\000c\000\040\000I\000n\000c\000e\000n\000t\000i\000v\000e\000s\000\040\000\050\000O\000u\000t\000\040\000o\000f\000\040\000S\000c\000o\000p\000e\000\051}{subsection.4.5}% 43
\BOOKMARK [1][-]{section.5}{\376\377\000I\000n\000c\000l\000u\000s\000i\000o\000n\000\040\000P\000r\000o\000o\000f\000s\000\040\000a\000n\000d\000\040\000V\000e\000r\000i\000f\000i\000c\000a\000t\000i\000o\000n}{}% 44
\BOOKMARK [2][-]{subsection.5.1}{\376\377\000T\000w\000o\000-\000L\000a\000y\000e\000r\000\040\000P\000r\000o\000o\000f\000\040\000M\000o\000d\000e\000l}{section.5}% 45
\BOOKMARK [3][-]{subsubsection.5.1.1}{\376\377\000W\000h\000a\000t\000\040\000E\000x\000a\000c\000t\000l\000y\000\040\000I\000s\000\040\000P\000r\000o\000v\000e\000n\000?}{subsection.5.1}% 46
\BOOKMARK [2][-]{subsection.5.2}{\376\377\000P\000r\000o\000o\000f\000\040\000S\000i\000z\000e\000\040\000a\000n\000d\000\040\000E\000f\000f\000i\000c\000i\000e\000n\000c\000y}{section.5}% 47
\BOOKMARK [1][-]{section.6}{\376\377\000A\000p\000p\000l\000i\000c\000a\000t\000i\000o\000n\000s\000\040\000a\000n\000d\000\040\000B\000e\000n\000e\000f\000i\000t\000s}{}% 48
\BOOKMARK [2][-]{subsection.6.1}{\376\377\000T\000r\000u\000s\000t\000l\000e\000s\000s\000\040\000B\000r\000i\000d\000g\000e\000s\000\040\000a\000n\000d\000\040\000L\0002\000\040\000R\000o\000l\000l\000u\000p\000s}{section.6}% 49
\BOOKMARK [2][-]{subsection.6.2}{\376\377\000L\000i\000g\000h\000t\000\040\000C\000l\000i\000e\000n\000t\000s\000\040\000a\000n\000d\000\040\000F\000a\000s\000t\000\040\000S\000y\000n\000c\000h\000r\000o\000n\000i\000z\000a\000t\000i\000o\000n}{section.6}% 50
\BOOKMARK [2][-]{subsection.6.3}{\376\377\000D\000a\000t\000a\000\040\000A\000v\000a\000i\000l\000a\000b\000i\000l\000i\000t\000y\000\040\000a\000n\000d\000\040\000D\000i\000s\000a\000s\000t\000e\000r\000\040\000R\000e\000c\000o\000v\000e\000r\000y}{section.6}% 51
\BOOKMARK [2][-]{subsection.6.4}{\376\377\000A\000u\000d\000i\000t\000i\000n\000g\000\040\000a\000n\000d\000\040\000D\000a\000t\000a\000\040\000A\000v\000a\000i\000l\000a\000b\000i\000l\000i\000t\000y}{section.6}% 52
\BOOKMARK [1][-]{section.7}{\376\377\000O\000v\000e\000r\000h\000e\000a\000d\000\040\000A\000n\000a\000l\000y\000s\000i\000s}{}% 53
\BOOKMARK [2][-]{subsection.7.1}{\376\377\000B\000a\000n\000d\000w\000i\000d\000t\000h\000\040\000O\000v\000e\000r\000h\000e\000a\000d}{section.7}% 54
\BOOKMARK [2][-]{subsection.7.2}{\376\377\000S\000t\000o\000r\000a\000g\000e\000\040\000O\000v\000e\000r\000h\000e\000a\000d}{section.7}% 55
\BOOKMARK [2][-]{subsection.7.3}{\376\377\000C\000o\000m\000p\000u\000t\000a\000t\000i\000o\000n\000\040\000O\000v\000e\000r\000h\000e\000a\000d}{section.7}% 56
\BOOKMARK [2][-]{subsection.7.4}{\376\377\000P\000e\000r\000f\000o\000r\000m\000a\000n\000c\000e\000\040\000B\000e\000n\000c\000h\000m\000a\000r\000k\000\040\000C\000o\000m\000p\000a\000r\000i\000s\000o\000n}{section.7}% 57
\BOOKMARK [2][-]{subsection.7.5}{\376\377\000P\000e\000r\000f\000o\000r\000m\000a\000n\000c\000e\000\040\000U\000n\000d\000e\000r\000\040\000D\000i\000f\000f\000e\000r\000e\000n\000t\000\040\000L\000o\000a\000d\000s}{section.7}% 58
\BOOKMARK [1][-]{section.8}{\376\377\000R\000e\000l\000a\000t\000e\000d\000\040\000W\000o\000r\000k}{}% 59
\BOOKMARK [2][-]{subsection.8.1}{\376\377\000M\000e\000r\000k\000l\000e\000\040\000M\000o\000u\000n\000t\000a\000i\000n\000\040\000R\000a\000n\000g\000e\000s\000\040\000i\000n\000\040\000B\000l\000o\000c\000k\000c\000h\000a\000i\000n\000\040\000S\000y\000s\000t\000e\000m\000s}{section.8}% 60
\BOOKMARK [2][-]{subsection.8.2}{\376\377\000L\000o\000g\000a\000r\000i\000t\000h\000m\000i\000c\000\040\000P\000r\000o\000o\000f\000\040\000P\000r\000o\000t\000o\000c\000o\000l\000s}{section.8}% 61
\BOOKMARK [2][-]{subsection.8.3}{\376\377\000D\000A\000G\000\040\000C\000o\000n\000s\000e\000n\000s\000u\000s\000\040\000a\000n\000d\000\040\000L\000i\000n\000e\000a\000r\000i\000z\000a\000t\000i\000o\000n}{section.8}% 62
\BOOKMARK [2][-]{subsection.8.4}{\376\377\000T\000r\000a\000n\000s\000a\000c\000t\000i\000o\000n\000\040\000O\000r\000d\000e\000r\000i\000n\000g\000\040\000C\000o\000m\000m\000i\000t\000m\000e\000n\000t\000s}{section.8}% 63
\BOOKMARK [2][-]{subsection.8.5}{\376\377\000R\000e\000l\000a\000t\000i\000o\000n\000s\000h\000i\000p\000\040\000t\000o\000\040\000E\000t\000h\000e\000r\000e\000u\000m\000\040\000V\000e\000r\000k\000l\000e\000\040\000T\000r\000e\000e\000s}{section.8}% 64
\BOOKMARK [2][-]{subsection.8.6}{\376\377\000O\000t\000h\000e\000r\000\040\000D\000A\000G\000\040\000S\000y\000s\000t\000e\000m\000s\000:\000\040\000C\000o\000n\000f\000l\000u\000x\000\040\000a\000n\000d\000\040\000I\000O\000T\000A}{section.8}% 65
\BOOKMARK [2][-]{subsection.8.7}{\376\377\000P\000o\000s\000t\000-\000Q\000u\000a\000n\000t\000u\000m\000\040\000C\000o\000n\000s\000i\000d\000e\000r\000a\000t\000i\000o\000n\000s}{section.8}% 66
\BOOKMARK [2][-]{subsection.8.8}{\376\377\000P\000o\000s\000i\000t\000i\000o\000n\000i\000n\000g\000\040\000o\000f\000\040\000O\000u\000r\000\040\000C\000o\000n\000t\000r\000i\000b\000u\000t\000i\000o\000n}{section.8}% 67
\BOOKMARK [1][-]{section.9}{\376\377\000C\000o\000m\000p\000a\000r\000i\000s\000o\000n\000\040\000w\000i\000t\000h\000\040\000A\000l\000t\000e\000r\000n\000a\000t\000i\000v\000e\000\040\000A\000p\000p\000r\000o\000a\000c\000h\000e\000s}{}% 68
\BOOKMARK [2][-]{subsection.9.1}{\376\377\000L\000i\000n\000e\000a\000r\000\040\000E\000x\000e\000c\000u\000t\000i\000o\000n\000-\000L\000o\000g\000\040\000C\000o\000m\000m\000i\000t\000m\000e\000n\000t}{section.9}% 69
\BOOKMARK [3][-]{subsubsection.9.1.1}{\376\377\000D\000e\000s\000i\000g\000n\000\040\000P\000h\000i\000l\000o\000s\000o\000p\000h\000y\000\040\000a\000n\000d\000\040\000M\000e\000c\000h\000a\000n\000i\000s\000m}{subsection.9.1}% 70
\BOOKMARK [3][-]{subsubsection.9.1.2}{\376\377\000S\000t\000r\000e\000n\000g\000t\000h\000s}{subsection.9.1}% 71
\BOOKMARK [3][-]{subsubsection.9.1.3}{\376\377\000L\000i\000m\000i\000t\000a\000t\000i\000o\000n\000s}{subsection.9.1}% 72
\BOOKMARK [2][-]{subsection.9.2}{\376\377\000S\000k\000i\000p\000-\000L\000i\000s\000t\000\040\000B\000a\000s\000e\000d\000\040\000P\000r\000o\000o\000f\000\040\000o\000f\000\040\000C\000h\000a\000i\000n\000\040\000M\000e\000m\000b\000e\000r\000s\000h\000i\000p\000\040\000\050\000P\000o\000C\000h\000M\000\051}{section.9}% 73
\BOOKMARK [3][-]{subsubsection.9.2.1}{\376\377\000D\000e\000s\000i\000g\000n\000\040\000P\000h\000i\000l\000o\000s\000o\000p\000h\000y\000\040\000a\000n\000d\000\040\000M\000e\000c\000h\000a\000n\000i\000s\000m}{subsection.9.2}% 74
\BOOKMARK [3][-]{subsubsection.9.2.2}{\376\377\000P\000r\000o\000o\000f\000\040\000C\000o\000n\000s\000t\000r\000u\000c\000t\000i\000o\000n\000\040\000A\000l\000g\000o\000r\000i\000t\000h\000m}{subsection.9.2}% 75
\BOOKMARK [3][-]{subsubsection.9.2.3}{\376\377\000S\000t\000r\000e\000n\000g\000t\000h\000s}{subsection.9.2}% 76
\BOOKMARK [3][-]{subsubsection.9.2.4}{\376\377\000L\000i\000m\000i\000t\000a\000t\000i\000o\000n\000s}{subsection.9.2}% 77
\BOOKMARK [2][-]{subsection.9.3}{\376\377\000C\000o\000m\000p\000a\000r\000a\000t\000i\000v\000e\000\040\000A\000n\000a\000l\000y\000s\000i\000s\000:\000\040\000D\000e\000e\000p\000\040\000I\000n\000s\000i\000g\000h\000t\000s}{section.9}% 78
\BOOKMARK [3][-]{subsubsection.9.3.1}{\376\377\000T\000h\000e\000\040\000F\000u\000n\000d\000a\000m\000e\000n\000t\000a\000l\000\040\000T\000e\000n\000s\000i\000o\000n}{subsection.9.3}% 79
\BOOKMARK [3][-]{subsubsection.9.3.2}{\376\377\000T\000h\000e\000\040\000A\000r\000c\000h\000i\000t\000e\000c\000t\000u\000r\000a\000l\000\040\000I\000n\000c\000o\000m\000p\000a\000t\000i\000b\000i\000l\000i\000t\000y}{subsection.9.3}% 80
\BOOKMARK [3][-]{subsubsection.9.3.3}{\376\377\000W\000h\000y\000\040\000M\000M\000R\000\040\000i\000s\000\040\000t\000h\000e\000\040\000N\000a\000t\000u\000r\000a\000l\000\040\000S\000y\000n\000t\000h\000e\000s\000i\000s}{subsection.9.3}% 81
\BOOKMARK [3][-]{subsubsection.9.3.4}{\376\377\000T\000h\000e\000\040\000F\000u\000n\000d\000a\000m\000e\000n\000t\000a\000l\000\040\000P\000h\000i\000l\000o\000s\000o\000p\000h\000i\000c\000a\000l\000\040\000D\000i\000f\000f\000e\000r\000e\000n\000c\000e}{subsection.9.3}% 82
\BOOKMARK [3][-]{subsubsection.9.3.5}{\376\377\000Q\000u\000a\000n\000t\000i\000t\000a\000t\000i\000v\000e\000\040\000A\000n\000a\000l\000y\000s\000i\000s\000:\000\040\000G\000a\000s\000\040\000C\000o\000s\000t\000\040\000C\000o\000m\000p\000a\000r\000i\000s\000o\000n}{subsection.9.3}% 83
\BOOKMARK [3][-]{subsubsection.9.3.6}{\376\377\000A\000r\000c\000h\000i\000t\000e\000c\000t\000u\000r\000a\000l\000\040\000E\000l\000e\000g\000a\000n\000c\000e\000:\000\040\000T\000h\000e\000\040\000M\000M\000R\000\040\000A\000d\000v\000a\000n\000t\000a\000g\000e}{subsection.9.3}% 84
\BOOKMARK [2][-]{subsection.9.4}{\376\377\000S\000u\000m\000m\000a\000r\000y\000:\000\040\000W\000h\000y\000\040\000U\000n\000i\000f\000i\000c\000a\000t\000i\000o\000n\000\040\000M\000a\000t\000t\000e\000r\000s}{section.9}% 85
\BOOKMARK [2][-]{subsection.9.5}{\376\377\000C\000o\000m\000p\000a\000r\000i\000s\000o\000n\000\040\000w\000i\000t\000h\000\040\000K\000a\000s\000p\000a\000\040\000I\000m\000p\000r\000o\000v\000e\000m\000e\000n\000t\000\040\000P\000r\000o\000p\000o\000s\000a\000l\000s}{section.9}% 86
\BOOKMARK [3][-]{subsubsection.9.5.1}{\376\377\000O\000v\000e\000r\000v\000i\000e\000w\000\040\000o\000f\000\040\000K\000I\000P\000-\0001\0005\000\040\000a\000n\000d\000\040\000K\000I\000P\000-\0006}{subsection.9.5}% 87
\BOOKMARK [3][-]{subsubsection.9.5.2}{\376\377\000C\000o\000m\000p\000r\000e\000h\000e\000n\000s\000i\000v\000e\000\040\000C\000o\000m\000p\000a\000r\000i\000s\000o\000n\000\040\000T\000a\000b\000l\000e}{subsection.9.5}% 88
\BOOKMARK [3][-]{subsubsection.9.5.3}{\376\377\000A\000d\000v\000e\000r\000s\000a\000r\000i\000a\000l\000\040\000A\000n\000a\000l\000y\000s\000i\000s\000:\000\040\000W\000h\000y\000\040\000U\000n\000i\000f\000i\000e\000d\000\040\000D\000e\000s\000i\000g\000n\000\040\000M\000a\000t\000t\000e\000r\000s}{subsection.9.5}% 89
\BOOKMARK [3][-]{subsubsection.9.5.4}{\376\377\000D\000e\000p\000l\000o\000y\000m\000e\000n\000t\000\040\000R\000o\000a\000d\000m\000a\000p\000\040\000A\000n\000a\000l\000y\000s\000i\000s}{subsection.9.5}% 90
\BOOKMARK [3][-]{subsubsection.9.5.5}{\376\377\000S\000t\000r\000a\000t\000e\000g\000i\000c\000\040\000P\000o\000s\000i\000t\000i\000o\000n\000i\000n\000g}{subsection.9.5}% 91
\BOOKMARK [1][-]{section.10}{\376\377\000I\000m\000p\000l\000e\000m\000e\000n\000t\000a\000t\000i\000o\000n\000\040\000a\000n\000d\000\040\000D\000e\000p\000l\000o\000y\000m\000e\000n\000t}{}% 92
\BOOKMARK [2][-]{subsection.10.1}{\376\377\000A\000c\000t\000i\000v\000a\000t\000i\000o\000n\000\040\000v\000i\000a\000\040\000N\000e\000t\000w\000o\000r\000k\000\040\000U\000p\000g\000r\000a\000d\000e}{section.10}% 93
\BOOKMARK [2][-]{subsection.10.2}{\376\377\000M\000i\000n\000e\000r\000\040\000I\000n\000t\000e\000g\000r\000a\000t\000i\000o\000n}{section.10}% 94
\BOOKMARK [2][-]{subsection.10.3}{\376\377\000D\000a\000t\000a\000\040\000S\000t\000r\000u\000c\000t\000u\000r\000e\000s\000\040\000a\000n\000d\000\040\000A\000P\000I\000s}{section.10}% 95
\BOOKMARK [2][-]{subsection.10.4}{\376\377\000S\000e\000c\000u\000r\000i\000t\000y\000\040\000A\000n\000a\000l\000y\000s\000i\000s\000\040\000a\000n\000d\000\040\000T\000h\000r\000e\000a\000t\000\040\000M\000o\000d\000e\000l}{section.10}% 96
\BOOKMARK [3][-]{subsubsection.10.4.1}{\376\377\000T\000h\000r\000e\000a\000t\000\040\000M\000o\000d\000e\000l}{subsection.10.4}% 97
\BOOKMARK [3][-]{subsubsection.10.4.2}{\376\377\000S\000e\000c\000u\000r\000i\000t\000y\000\040\000P\000r\000o\000p\000e\000r\000t\000i\000e\000s\000:\000\040\000F\000o\000r\000m\000a\000l\000\040\000G\000u\000a\000r\000a\000n\000t\000e\000e\000s}{subsection.10.4}% 98
\BOOKMARK [3][-]{subsubsection.10.4.3}{\376\377\000S\000p\000e\000c\000i\000f\000i\000c\000\040\000A\000t\000t\000a\000c\000k\000\040\000V\000e\000c\000t\000o\000r\000s}{subsection.10.4}% 99
\BOOKMARK [3][-]{subsubsection.10.4.4}{\376\377\000W\000h\000y\000\040\000C\000o\000n\000s\000e\000n\000s\000u\000s\000-\000L\000e\000v\000e\000l\000,\000\040\000N\000o\000t\000\040\000A\000u\000x\000i\000l\000i\000a\000r\000y\000:\000\040\000A\000\040\000C\000o\000u\000n\000t\000e\000r\000-\000E\000x\000a\000m\000p\000l\000e\000\040\000M\000o\000d\000e\000l}{subsection.10.4}% 100
\BOOKMARK [3][-]{subsubsection.10.4.5}{\376\377\000T\000r\000u\000s\000t\000\040\000A\000s\000s\000u\000m\000p\000t\000i\000o\000n\000s}{subsection.10.4}% 101
\BOOKMARK [1][-]{section.11}{\376\377\000C\000o\000n\000c\000l\000u\000s\000i\000o\000n}{}% 102
\BOOKMARK [2][-]{subsection.11.1}{\376\377\000S\000u\000m\000m\000a\000r\000y\000\040\000o\000f\000\040\000R\000e\000s\000u\000l\000t\000s}{section.11}% 103
\BOOKMARK [2][-]{subsection.11.2}{\376\377\000T\000h\000e\000\040\000B\000r\000o\000a\000d\000e\000r\000\040\000I\000m\000p\000l\000i\000c\000a\000t\000i\000o\000n}{section.11}% 104
\BOOKMARK [2][-]{subsection.11.3}{\376\377\000S\000t\000r\000a\000t\000e\000g\000i\000c\000\040\000P\000o\000s\000i\000t\000i\000o\000n\000i\000n\000g\000:\000\040\000B\000e\000y\000o\000n\000d\000\040\000I\000n\000c\000r\000e\000m\000e\000n\000t\000a\000l\000\040\000I\000m\000p\000r\000o\000v\000e\000m\000e\000n\000t}{section.11}% 105
\BOOKMARK [2][-]{subsection.11.4}{\376\377\000L\000i\000m\000i\000t\000a\000t\000i\000o\000n\000s\000\040\000a\000n\000d\000\040\000F\000u\000t\000u\000r\000e\000\040\000W\000o\000r\000k}{section.11}% 106
\BOOKMARK [3][-]{subsubsection.11.4.1}{\376\377\000C\000u\000r\000r\000e\000n\000t\000\040\000L\000i\000m\000i\000t\000a\000t\000i\000o\000n\000s}{subsection.11.4}% 107
\BOOKMARK [3][-]{subsubsection.11.4.2}{\376\377\000F\000u\000t\000u\000r\000e\000\040\000R\000e\000s\000e\000a\000r\000c\000h\000\040\000D\000i\000r\000e\000c\000t\000i\000o\000n\000s}{subsection.11.4}% 108
