\BOOKMARK [1][-]{section.1}{\376\377\000I\000n\000t\000r\000o\000d\000u\000c\000t\000i\000o\000n\000\040\000a\000n\000d\000\040\000M\000o\000t\000i\000v\000a\000t\000i\000o\000n}{}% 1
\BOOKMARK [2][-]{subsection.1.1}{\376\377\000P\000r\000o\000b\000l\000e\000m\000\040\000B\000a\000c\000k\000g\000r\000o\000u\000n\000d}{section.1}% 2
\BOOKMARK [2][-]{subsection.1.2}{\376\377\000T\000h\000e\000\040\000L\000a\000y\000e\000r\000\040\000I\000n\000v\000e\000r\000s\000i\000o\000n\000\040\000I\000n\000s\000i\000g\000h\000t}{section.1}% 3
\BOOKMARK [2][-]{subsection.1.3}{\376\377\000D\000e\000s\000i\000g\000n\000\040\000P\000r\000i\000n\000c\000i\000p\000l\000e\000s}{section.1}% 4
\BOOKMARK [2][-]{subsection.1.4}{\376\377\000T\000r\000u\000s\000t\000\040\000M\000o\000d\000e\000l\000\040\000A\000n\000a\000l\000y\000s\000i\000s}{section.1}% 5
\BOOKMARK [1][-]{section.2}{\376\377\000R\000e\000l\000a\000t\000e\000d\000\040\000W\000o\000r\000k\000\040\000a\000n\000d\000\040\000T\000e\000c\000h\000n\000i\000c\000a\000l\000\040\000B\000a\000c\000k\000g\000r\000o\000u\000n\000d}{}% 6
\BOOKMARK [2][-]{subsection.2.1}{\376\377\000P\000r\000o\000t\000o\000c\000o\000l\000\040\000E\000v\000o\000l\000u\000t\000i\000o\000n\000:\000\040\000F\000r\000o\000m\000\040\000P\000e\000n\000a\000l\000t\000y\000\040\000t\000o\000\040\000R\000e\000p\000l\000a\000c\000e\000m\000e\000n\000t}{section.2}% 7
\BOOKMARK [3][-]{subsubsection.2.1.1}{\376\377\000L\000i\000g\000h\000t\000n\000i\000n\000g\000\040\000N\000e\000t\000w\000o\000r\000k\000'\000s\000\040\000P\000e\000n\000a\000l\000t\000y\000\040\000M\000e\000c\000h\000a\000n\000i\000s\000m}{subsection.2.1}% 8
\BOOKMARK [3][-]{subsubsection.2.1.2}{\376\377\000E\000l\000t\000o\000o\000\040\000P\000r\000o\000t\000o\000c\000o\000l\000\040\000a\000n\000d\000\040\000S\000t\000a\000t\000e\000\040\000R\000e\000p\000l\000a\000c\000e\000m\000e\000n\000t}{subsection.2.1}% 9
\BOOKMARK [3][-]{subsubsection.2.1.3}{\376\377\000E\000n\000g\000i\000n\000e\000e\000r\000i\000n\000g\000\040\000C\000o\000m\000p\000r\000o\000m\000i\000s\000e\000\040\000o\000f\000\040\000B\000I\000P\000-\0001\0001\0008}{subsection.2.1}% 10
\BOOKMARK [2][-]{subsection.2.2}{\376\377\000T\000h\000e\000\040\000R\000e\000c\000u\000r\000s\000i\000v\000e\000\040\000C\000o\000v\000e\000n\000a\000n\000t\000\040\000D\000i\000l\000e\000m\000m\000a}{section.2}% 11
\BOOKMARK [2][-]{subsection.2.3}{\376\377\000B\000I\000P\000-\0001\0001\0008\000\040\000S\000e\000c\000u\000r\000i\000t\000y\000\040\000B\000o\000u\000n\000d\000a\000r\000y\000\040\000A\000n\000a\000l\000y\000s\000i\000s}{section.2}% 12
\BOOKMARK [2][-]{subsection.2.4}{\376\377\000S\000t\000r\000u\000c\000t\000u\000r\000a\000l\000\040\000D\000e\000f\000e\000c\000t\000\040\000A\000n\000a\000l\000y\000s\000i\000s}{section.2}% 13
\BOOKMARK [2][-]{subsection.2.5}{\376\377\000C\000o\000m\000p\000a\000r\000i\000s\000o\000n\000\040\000o\000f\000\040\000R\000e\000v\000o\000c\000a\000t\000i\000o\000n\000\040\000M\000e\000c\000h\000a\000n\000i\000s\000m\000s}{section.2}% 14
\BOOKMARK [2][-]{subsection.2.6}{\376\377\000P\000r\000o\000p\000o\000s\000e\000d\000\040\000S\000o\000l\000u\000t\000i\000o\000n\000:\000\040\000U\000T\000X\000O\000-\000N\000a\000t\000i\000v\000e\000\040\000S\000e\000m\000a\000n\000t\000i\000c\000s}{section.2}% 15
\BOOKMARK [2][-]{subsection.2.7}{\376\377\000A\000x\000i\000o\000m\000\040\000S\000y\000s\000t\000e\000m}{section.2}% 16
\BOOKMARK [2][-]{subsection.2.8}{\376\377\000D\000A\000G\000\040\000C\000o\000n\000s\000e\000n\000s\000u\000s\000\040\000C\000o\000m\000p\000a\000t\000i\000b\000i\000l\000i\000t\000y}{section.2}% 17
\BOOKMARK [2][-]{subsection.2.9}{\376\377\000E\000c\000o\000n\000o\000m\000i\000c\000\040\000E\000f\000f\000i\000c\000i\000e\000n\000c\000y\000\040\000B\000o\000u\000n\000d\000a\000r\000y}{section.2}% 18
\BOOKMARK [1][-]{section.3}{\376\377\000R\000e\000s\000e\000a\000r\000c\000h\000\040\000C\000o\000n\000t\000r\000i\000b\000u\000t\000i\000o\000n\000s}{}% 19
\BOOKMARK [2][-]{subsection.3.1}{\376\377\000M\000a\000i\000n\000\040\000C\000o\000n\000t\000r\000i\000b\000u\000t\000i\000o\000n\000s}{section.3}% 20
\BOOKMARK [2][-]{subsection.3.2}{\376\377\000T\000h\000e\000o\000r\000e\000t\000i\000c\000a\000l\000\040\000S\000i\000g\000n\000i\000f\000i\000c\000a\000n\000c\000e}{section.3}% 21
\BOOKMARK [2][-]{subsection.3.3}{\376\377\000A\000r\000c\000h\000i\000t\000e\000c\000t\000u\000r\000a\000l\000\040\000A\000d\000v\000a\000n\000t\000a\000g\000e\000s}{section.3}% 22
\BOOKMARK [2][-]{subsection.3.4}{\376\377\000C\000o\000m\000p\000a\000r\000i\000s\000o\000n\000\040\000w\000i\000t\000h\000\040\000E\000x\000i\000s\000t\000i\000n\000g\000\040\000S\000o\000l\000u\000t\000i\000o\000n\000s}{section.3}% 23
\BOOKMARK [2][-]{subsection.3.5}{\376\377\000I\000n\000f\000o\000r\000m\000a\000t\000i\000o\000n\000-\000T\000h\000e\000o\000r\000e\000t\000i\000c\000\040\000A\000n\000a\000l\000y\000s\000i\000s\000\040\000o\000f\000\040\000S\000t\000a\000t\000e\000\040\000D\000e\000t\000e\000r\000m\000i\000n\000i\000s\000m}{section.3}% 24
\BOOKMARK [1][-]{section.4}{\376\377\000T\000h\000e\000o\000r\000e\000t\000i\000c\000a\000l\000\040\000F\000r\000a\000m\000e\000w\000o\000r\000k\000:\000\040\000D\000u\000a\000l\000-\000T\000r\000a\000c\000k\000\040\000S\000t\000a\000t\000e\000\040\000M\000a\000c\000h\000i\000n\000e\000s}{}% 25
\BOOKMARK [2][-]{subsection.4.1}{\376\377\000F\000i\000n\000i\000t\000e\000\040\000S\000t\000a\000t\000e\000\040\000M\000a\000c\000h\000i\000n\000e\000\040\000F\000o\000r\000m\000a\000l\000i\000z\000a\000t\000i\000o\000n}{section.4}% 26
\BOOKMARK [2][-]{subsection.4.2}{\376\377\000S\000t\000a\000t\000e\000\040\000T\000r\000a\000n\000s\000i\000t\000i\000o\000n\000\040\000R\000u\000l\000e\000s}{section.4}% 27
\BOOKMARK [2][-]{subsection.4.3}{\376\377\000U\000T\000X\000O\000\040\000M\000a\000t\000e\000r\000i\000a\000l\000i\000z\000a\000t\000i\000o\000n\000\040\000L\000a\000y\000e\000r}{section.4}% 28
\BOOKMARK [3][-]{subsubsection.4.3.1}{\376\377\000S\000t\000a\000t\000e\000-\000F\000u\000n\000d\000\040\000C\000o\000u\000p\000l\000i\000n\000g\000\040\000I\000n\000v\000a\000r\000i\000a\000n\000t}{subsection.4.3}% 29
\BOOKMARK [2][-]{subsection.4.4}{\376\377\000C\000o\000n\000s\000e\000n\000s\000u\000s\000-\000L\000a\000y\000e\000r\000\040\000E\000m\000b\000e\000d\000d\000e\000d\000\040\000V\000e\000r\000i\000f\000i\000c\000a\000t\000i\000o\000n\000\040\000M\000e\000c\000h\000a\000n\000i\000s\000m}{section.4}% 30
\BOOKMARK [3][-]{subsubsection.4.4.1}{\376\377\000T\000r\000a\000n\000s\000a\000c\000t\000i\000o\000n\000\040\000T\000y\000p\000e\000\040\000E\000n\000u\000m\000e\000r\000a\000t\000i\000o\000n\000\040\000a\000n\000d\000\040\000P\000a\000t\000t\000e\000r\000n\000\040\000M\000a\000t\000c\000h\000i\000n\000g}{subsection.4.4}% 31
\BOOKMARK [3][-]{subsubsection.4.4.2}{\376\377\000S\000t\000a\000t\000e\000\040\000M\000o\000n\000o\000t\000o\000n\000i\000c\000i\000t\000y\000\040\000T\000h\000e\000o\000r\000e\000m\000\040\000a\000n\000d\000\040\000C\000o\000n\000s\000e\000n\000s\000u\000s\000\040\000I\000m\000p\000l\000e\000m\000e\000n\000t\000a\000t\000i\000o\000n}{subsection.4.4}% 32
\BOOKMARK [3][-]{subsubsection.4.4.3}{\376\377\000C\000o\000n\000s\000e\000n\000s\000u\000s\000\040\000V\000e\000r\000i\000f\000i\000c\000a\000t\000i\000o\000n\000\040\000P\000e\000r\000f\000o\000r\000m\000a\000n\000c\000e\000\040\000A\000n\000a\000l\000y\000s\000i\000s}{subsection.4.4}% 33
\BOOKMARK [3][-]{subsubsection.4.4.4}{\376\377\000R\000e\000f\000-\000U\000T\000X\000O\000\040\000A\000t\000o\000m\000i\000c\000i\000t\000y\000\040\000a\000n\000d\000\040\000O\000r\000d\000e\000r\000i\000n\000g\000\040\000i\000n\000\040\000G\000h\000o\000s\000t\000D\000A\000G}{subsection.4.4}% 34
\BOOKMARK [3][-]{subsubsection.4.4.5}{\376\377\000T\000e\000m\000p\000o\000r\000a\000l\000\040\000D\000e\000c\000o\000u\000p\000l\000i\000n\000g\000\040\000o\000f\000\040\000C\000r\000o\000s\000s\000-\000B\000l\000o\000c\000k\000\040\000S\000t\000a\000t\000e\000\040\000R\000e\000f\000e\000r\000e\000n\000c\000e\000s}{subsection.4.4}% 35
\BOOKMARK [3][-]{subsubsection.4.4.6}{\376\377\000A\000l\000g\000e\000b\000r\000a\000i\000c\000\040\000D\000a\000t\000a\000\040\000T\000y\000p\000e\000\040\000D\000e\000f\000i\000n\000i\000t\000i\000o\000n\000\040\000o\000f\000\040\000T\000r\000a\000n\000s\000a\000c\000t\000i\000o\000n\000\040\000C\000l\000a\000s\000s\000i\000f\000i\000c\000a\000t\000i\000o\000n}{subsection.4.4}% 36
\BOOKMARK [2][-]{subsection.4.5}{\376\377\000T\000r\000a\000n\000s\000a\000c\000t\000i\000o\000n\000\040\000S\000e\000m\000a\000n\000t\000i\000c\000s\000\040\000M\000a\000p\000p\000i\000n\000g}{section.4}% 37
\BOOKMARK [2][-]{subsection.4.6}{\376\377\000F\000o\000r\000m\000a\000l\000\040\000S\000a\000f\000e\000t\000y\000\040\000P\000r\000o\000p\000e\000r\000t\000i\000e\000s}{section.4}% 38
\BOOKMARK [2][-]{subsection.4.7}{\376\377\000E\000v\000o\000l\000u\000t\000i\000o\000n\000\040\000o\000f\000\040\000C\000o\000n\000d\000i\000t\000i\000o\000n\000a\000l\000\040\000P\000a\000y\000m\000e\000n\000t\000\040\000P\000r\000i\000m\000i\000t\000i\000v\000e\000s\000:\000\040\000F\000r\000o\000m\000\040\000H\000T\000L\000C\000\040\000t\000o\000\040\000P\000T\000L\000C}{section.4}% 39
\BOOKMARK [3][-]{subsubsection.4.7.1}{\376\377\000H\000i\000s\000t\000o\000r\000i\000c\000a\000l\000\040\000E\000v\000o\000l\000u\000t\000i\000o\000n}{subsection.4.7}% 40
\BOOKMARK [3][-]{subsubsection.4.7.2}{\376\377\000T\000e\000c\000h\000n\000i\000c\000a\000l\000\040\000P\000r\000i\000n\000c\000i\000p\000l\000e\000\040\000C\000o\000m\000p\000a\000r\000i\000s\000o\000n}{subsection.4.7}% 41
\BOOKMARK [3][-]{subsubsection.4.7.3}{\376\377\000C\000o\000r\000e\000\040\000P\000r\000o\000p\000e\000r\000t\000i\000e\000s\000\040\000C\000o\000m\000p\000a\000r\000i\000s\000o\000n}{subsection.4.7}% 42
\BOOKMARK [3][-]{subsubsection.4.7.4}{\376\377\000F\000o\000r\000m\000a\000l\000\040\000S\000e\000c\000u\000r\000i\000t\000y\000\040\000A\000n\000a\000l\000y\000s\000i\000s}{subsection.4.7}% 43
\BOOKMARK [3][-]{subsubsection.4.7.5}{\376\377\000I\000m\000p\000l\000e\000m\000e\000n\000t\000a\000t\000i\000o\000n\000\040\000C\000o\000n\000s\000i\000d\000e\000r\000a\000t\000i\000o\000n\000s}{subsection.4.7}% 44
\BOOKMARK [2][-]{subsection.4.8}{\376\377\000T\000L\000A\000+\000\040\000S\000p\000e\000c\000i\000f\000i\000c\000a\000t\000i\000o\000n\000\040\000F\000r\000a\000g\000m\000e\000n\000t}{section.4}% 45
\BOOKMARK [2][-]{subsection.4.9}{\376\377\000C\000o\000s\000t\000\040\000a\000n\000d\000\040\000P\000a\000r\000a\000m\000e\000t\000e\000r\000\040\000A\000n\000a\000l\000y\000s\000i\000s}{section.4}% 46
\BOOKMARK [3][-]{subsubsection.4.9.1}{\376\377\000C\000o\000s\000t\000\040\000M\000o\000d\000e\000l}{subsection.4.9}% 47
\BOOKMARK [3][-]{subsubsection.4.9.2}{\376\377\000G\000h\000o\000s\000t\000D\000A\000G\000\040\000C\000o\000n\000f\000i\000r\000m\000a\000t\000i\000o\000n\000\040\000P\000a\000r\000a\000m\000e\000t\000e\000r\000s}{subsection.4.9}% 48
\BOOKMARK [3][-]{subsubsection.4.9.3}{\376\377\000R\000e\000f\000-\000U\000T\000X\000O\000\040\000S\000e\000c\000u\000r\000i\000t\000y\000\040\000D\000e\000p\000t\000h}{subsection.4.9}% 49
\BOOKMARK [1][-]{section.5}{\376\377\000T\000o\000p\000o\000l\000o\000g\000i\000c\000a\000l\000\040\000P\000r\000i\000m\000i\000t\000i\000v\000e\000s\000\040\000f\000o\000r\000\040\000C\000o\000m\000p\000l\000e\000x\000\040\000S\000t\000r\000u\000c\000t\000u\000r\000e\000s}{}% 50
\BOOKMARK [2][-]{subsection.5.1}{\376\377\000R\000e\000c\000u\000r\000s\000i\000v\000e\000\040\000C\000h\000a\000n\000n\000e\000l\000\040\000F\000a\000c\000t\000o\000r\000i\000e\000s}{section.5}% 51
\BOOKMARK [3][-]{subsubsection.5.1.1}{\376\377\000F\000r\000a\000c\000t\000a\000l\000\040\000T\000o\000p\000o\000l\000o\000g\000y\000\040\000a\000n\000d\000\040\000S\000e\000l\000f\000-\000S\000i\000m\000i\000l\000a\000r\000i\000t\000y}{subsection.5.1}% 52
\BOOKMARK [2][-]{subsection.5.2}{\376\377\000D\000y\000n\000a\000m\000i\000c\000\040\000M\000e\000s\000h\000\040\000R\000e\000c\000o\000n\000f\000i\000g\000u\000r\000a\000t\000i\000o\000n}{section.5}% 53
\BOOKMARK [3][-]{subsubsection.5.2.1}{\376\377\000T\000o\000p\000o\000l\000o\000g\000i\000c\000a\000l\000\040\000H\000o\000m\000o\000t\000o\000p\000y}{subsection.5.2}% 54
\BOOKMARK [2][-]{subsection.5.3}{\376\377\000A\000t\000o\000m\000i\000c\000\040\000R\000e\000b\000a\000l\000a\000n\000c\000i\000n\000g\000\040\000O\000p\000e\000r\000a\000t\000o\000r}{section.5}% 55
\BOOKMARK [2][-]{subsection.5.4}{\376\377\000A\000t\000o\000m\000i\000c\000\040\000S\000p\000l\000i\000c\000i\000n\000g\000\040\000P\000r\000o\000t\000o\000c\000o\000l}{section.5}% 56
\BOOKMARK [2][-]{subsection.5.5}{\376\377\000L\000i\000q\000u\000i\000d\000i\000t\000y\000\040\000D\000y\000n\000a\000m\000i\000c\000s\000\040\000i\000n\000\040\000S\000t\000a\000r\000\040\000T\000o\000p\000o\000l\000o\000g\000i\000e\000s}{section.5}% 57
\BOOKMARK [1][-]{section.6}{\376\377\000S\000a\000f\000e\000t\000y\000\040\000A\000n\000a\000l\000y\000s\000i\000s}{}% 58
\BOOKMARK [2][-]{subsection.6.1}{\376\377\000I\000s\000o\000l\000a\000t\000i\000o\000n\000\040\000T\000h\000e\000o\000r\000e\000m}{section.6}% 59
\BOOKMARK [2][-]{subsection.6.2}{\376\377\000S\000t\000a\000t\000e\000\040\000M\000o\000n\000o\000t\000o\000n\000i\000c\000i\000t\000y\000\040\000a\000n\000d\000\040\000A\000n\000t\000i\000-\000R\000e\000p\000l\000a\000y}{section.6}% 60
\BOOKMARK [2][-]{subsection.6.3}{\376\377\000A\000n\000t\000i\000-\000D\000o\000S\000\040\000E\000q\000u\000i\000l\000i\000b\000r\000i\000u\000m\000\040\000u\000n\000d\000e\000r\000\040\000S\000T\000P\000C\000\040\000S\000t\000r\000a\000t\000e\000g\000y}{section.6}% 61
\BOOKMARK [3][-]{subsubsection.6.3.1}{\376\377\000M\000e\000m\000p\000o\000o\000l\000\040\000E\000n\000t\000r\000o\000p\000y\000\040\000B\000o\000u\000n\000d}{subsection.6.3}% 62
\BOOKMARK [2][-]{subsection.6.4}{\376\377\000P\000T\000L\000C\000\040\000A\000t\000o\000m\000i\000c\000i\000t\000y\000\040\000a\000n\000d\000\040\000D\000e\000a\000d\000l\000o\000c\000k\000\040\000F\000r\000e\000e\000d\000o\000m}{section.6}% 63
\BOOKMARK [3][-]{subsubsection.6.4.1}{\376\377\000P\000T\000L\000C\000\040\000A\000t\000o\000m\000i\000c\000i\000t\000y\000\040\000T\000h\000e\000o\000r\000e\000m}{subsection.6.4}% 64
\BOOKMARK [3][-]{subsubsection.6.4.2}{\376\377\000D\000e\000a\000d\000l\000o\000c\000k\000\040\000F\000r\000e\000e\000d\000o\000m}{subsection.6.4}% 65
\BOOKMARK [2][-]{subsection.6.5}{\376\377\000C\000o\000n\000s\000i\000s\000t\000e\000n\000c\000y\000\040\000o\000f\000\040\000T\000o\000p\000o\000l\000o\000g\000i\000c\000a\000l\000\040\000R\000e\000c\000o\000n\000f\000i\000g\000u\000r\000a\000t\000i\000o\000n}{section.6}% 66
\BOOKMARK [2][-]{subsection.6.6}{\376\377\000S\000e\000c\000u\000r\000i\000t\000y\000\040\000M\000a\000r\000g\000i\000n\000\040\000A\000n\000a\000l\000y\000s\000i\000s}{section.6}% 67
\BOOKMARK [1][-]{section.7}{\376\377\000R\000e\000g\000i\000s\000t\000r\000y\000-\000F\000r\000e\000e\000\040\000A\000r\000c\000h\000i\000t\000e\000c\000t\000u\000r\000e}{}% 68
\BOOKMARK [2][-]{subsection.7.1}{\376\377\000L\000i\000m\000i\000t\000a\000t\000i\000o\000n\000s\000\040\000o\000f\000\040\000G\000l\000o\000b\000a\000l\000\040\000R\000e\000g\000i\000s\000t\000r\000i\000e\000s}{section.7}% 69
\BOOKMARK [2][-]{subsection.7.2}{\376\377\000S\000e\000l\000f\000-\000S\000o\000v\000e\000r\000e\000i\000g\000n\000\040\000C\000h\000a\000n\000n\000e\000l\000\040\000D\000i\000s\000c\000o\000v\000e\000r\000y}{section.7}% 70
\BOOKMARK [2][-]{subsection.7.3}{\376\377\000P\000r\000i\000v\000a\000c\000y\000\040\000E\000n\000h\000a\000n\000c\000e\000m\000e\000n\000t}{section.7}% 71
\BOOKMARK [3][-]{subsubsection.7.3.1}{\376\377\000E\000p\000h\000e\000m\000e\000r\000a\000l\000\040\000I\000d\000e\000n\000t\000i\000t\000y}{subsection.7.3}% 72
\BOOKMARK [2][-]{subsection.7.4}{\376\377\000C\000o\000m\000p\000a\000r\000i\000s\000o\000n\000\040\000w\000i\000t\000h\000\040\000C\000e\000n\000t\000r\000a\000l\000i\000z\000e\000d\000\040\000M\000o\000d\000e\000l\000s}{section.7}% 73
\BOOKMARK [2][-]{subsection.7.5}{\376\377\000E\000c\000o\000n\000o\000m\000i\000c\000\040\000I\000n\000c\000e\000n\000t\000i\000v\000e\000\040\000A\000l\000i\000g\000n\000m\000e\000n\000t}{section.7}% 74
\BOOKMARK [2][-]{subsection.7.6}{\376\377\000P\000T\000L\000C\000\040\000V\000e\000r\000i\000f\000i\000c\000a\000t\000i\000o\000n\000:\000\040\000O\000\050\0001\000\051\000\040\000I\000m\000p\000l\000e\000m\000e\000n\000t\000a\000t\000i\000o\000n}{section.7}% 75
\BOOKMARK [2][-]{subsection.7.7}{\376\377\000C\000a\000s\000e\000\040\000S\000t\000u\000d\000y\000:\000\040\000A\000t\000o\000m\000i\000c\000\040\000L\000i\000q\000u\000i\000d\000a\000t\000i\000o\000n\000\040\000i\000n\000\040\000D\000e\000F\000i}{section.7}% 76
\BOOKMARK [3][-]{subsubsection.7.7.1}{\376\377\000T\000r\000a\000d\000i\000t\000i\000o\000n\000a\000l\000\040\000v\000s\000.\000\040\000A\000t\000o\000m\000i\000c\000\040\000A\000p\000p\000r\000o\000a\000c\000h}{subsection.7.7}% 77
\BOOKMARK [1][-]{section.8}{\376\377\000I\000m\000p\000l\000e\000m\000e\000n\000t\000a\000t\000i\000o\000n\000\040\000A\000r\000c\000h\000i\000t\000e\000c\000t\000u\000r\000e}{}% 78
\BOOKMARK [2][-]{subsection.8.1}{\376\377\000S\000y\000s\000t\000e\000m\000\040\000A\000r\000c\000h\000i\000t\000e\000c\000t\000u\000r\000e\000\040\000O\000v\000e\000r\000v\000i\000e\000w}{section.8}% 79
\BOOKMARK [2][-]{subsection.8.2}{\376\377\000C\000o\000n\000s\000e\000n\000s\000u\000s\000\040\000L\000a\000y\000e\000r\000\040\000I\000m\000p\000l\000e\000m\000e\000n\000t\000a\000t\000i\000o\000n}{section.8}% 80
\BOOKMARK [3][-]{subsubsection.8.2.1}{\376\377\000T\000r\000a\000n\000s\000a\000c\000t\000i\000o\000n\000\040\000T\000y\000p\000e\000\040\000E\000n\000u\000m\000e\000r\000a\000t\000i\000o\000n}{subsection.8.2}% 81
\BOOKMARK [3][-]{subsubsection.8.2.2}{\376\377\000V\000a\000l\000i\000d\000a\000t\000i\000o\000n\000\040\000P\000i\000p\000e\000l\000i\000n\000e}{subsection.8.2}% 82
\BOOKMARK [2][-]{subsection.8.3}{\376\377\000S\000t\000a\000t\000e\000\040\000M\000a\000c\000h\000i\000n\000e\000\040\000\046\000\040\000U\000T\000X\000O\000\040\000I\000n\000d\000e\000x\000i\000n\000g}{section.8}% 83
\BOOKMARK [3][-]{subsubsection.8.3.1}{\376\377\000S\000t\000a\000t\000e\000\040\000T\000r\000a\000n\000s\000i\000t\000i\000o\000n}{subsection.8.3}% 84
\BOOKMARK [3][-]{subsubsection.8.3.2}{\376\377\000I\000n\000c\000r\000e\000m\000e\000n\000t\000a\000l\000\040\000I\000n\000d\000e\000x\000i\000n\000g}{subsection.8.3}% 85
\BOOKMARK [2][-]{subsection.8.4}{\376\377\000C\000r\000y\000p\000t\000o\000g\000r\000a\000p\000h\000i\000c\000\040\000P\000r\000i\000m\000i\000t\000i\000v\000e\000s}{section.8}% 86
\BOOKMARK [3][-]{subsubsection.8.4.1}{\376\377\000M\000u\000S\000i\000g\0002\000\040\000A\000g\000g\000r\000e\000g\000a\000t\000i\000o\000n}{subsection.8.4}% 87
\BOOKMARK [2][-]{subsection.8.5}{\376\377\000P\000a\000r\000t\000i\000a\000l\000l\000y\000\040\000S\000i\000g\000n\000e\000d\000\040\000T\000r\000a\000n\000s\000a\000c\000t\000i\000o\000n\000\040\000T\000e\000m\000p\000l\000a\000t\000e\000\040\000\050\000P\000S\000T\000T\000\051}{section.8}% 88
\BOOKMARK [3][-]{subsubsection.8.5.1}{\376\377\000D\000o\000m\000a\000i\000n\000\040\000S\000e\000p\000a\000r\000a\000t\000i\000o\000n}{subsection.8.5}% 89
\BOOKMARK [3][-]{subsubsection.8.5.2}{\376\377\000P\000S\000T\000T\000\040\000E\000n\000v\000e\000l\000o\000p\000e}{subsection.8.5}% 90
\BOOKMARK [2][-]{subsection.8.6}{\376\377\000I\000m\000p\000l\000e\000m\000e\000n\000t\000a\000t\000i\000o\000n\000\040\000S\000t\000a\000t\000i\000s\000t\000i\000c\000s}{section.8}% 91
\BOOKMARK [1][-]{section.9}{\376\377\000A\000t\000t\000a\000c\000k\000\040\000S\000u\000r\000f\000a\000c\000e\000\040\000A\000n\000a\000l\000y\000s\000i\000s\000\040\000a\000n\000d\000\040\000D\000e\000f\000e\000n\000s\000e}{}% 92
\BOOKMARK [2][-]{subsection.9.1}{\376\377\000A\000t\000t\000a\000c\000k\000\040\000C\000l\000a\000s\000s\000i\000f\000i\000c\000a\000t\000i\000o\000n}{section.9}% 93
\BOOKMARK [2][-]{subsection.9.2}{\376\377\000S\000t\000a\000t\000e\000\040\000R\000o\000l\000l\000b\000a\000c\000k\000\040\000A\000t\000t\000a\000c\000k\000\040\000A\000n\000a\000l\000y\000s\000i\000s}{section.9}% 94
\BOOKMARK [3][-]{subsubsection.9.2.1}{\376\377\000A\000t\000t\000a\000c\000k\000\040\000V\000e\000c\000t\000o\000r}{subsection.9.2}% 95
\BOOKMARK [3][-]{subsubsection.9.2.2}{\376\377\000D\000e\000f\000e\000n\000s\000e\000\040\000M\000e\000c\000h\000a\000n\000i\000s\000m\000s}{subsection.9.2}% 96
\BOOKMARK [2][-]{subsection.9.3}{\376\377\000T\000o\000p\000o\000l\000o\000g\000y\000\040\000O\000b\000f\000u\000s\000c\000a\000t\000i\000o\000n}{section.9}% 97
\BOOKMARK [3][-]{subsubsection.9.3.1}{\376\377\000M\000i\000t\000i\000g\000a\000t\000i\000o\000n}{subsection.9.3}% 98
\BOOKMARK [2][-]{subsection.9.4}{\376\377\000P\000T\000L\000C\000\040\000H\000i\000j\000a\000c\000k\000i\000n\000g}{section.9}% 99
\BOOKMARK [3][-]{subsubsection.9.4.1}{\376\377\000D\000e\000f\000e\000n\000s\000e\000\040\000S\000t\000r\000a\000t\000e\000g\000y}{subsection.9.4}% 100
\BOOKMARK [2][-]{subsection.9.5}{\376\377\000R\000e\000s\000o\000u\000r\000c\000e\000\040\000E\000x\000h\000a\000u\000s\000t\000i\000o\000n\000\040\000v\000i\000a\000\040\000C\000h\000a\000n\000n\000e\000l\000\040\000P\000r\000o\000l\000i\000f\000e\000r\000a\000t\000i\000o\000n}{section.9}% 101
\BOOKMARK [3][-]{subsubsection.9.5.1}{\376\377\000E\000c\000o\000n\000o\000m\000i\000c\000\040\000C\000o\000u\000n\000t\000e\000r\000m\000e\000a\000s\000u\000r\000e\000s\000:\000\040\000S\000t\000a\000t\000e\000\040\000R\000e\000n\000t}{subsection.9.5}% 102
\BOOKMARK [2][-]{subsection.9.6}{\376\377\000C\000r\000o\000s\000s\000-\000C\000h\000a\000n\000n\000e\000l\000\040\000R\000e\000p\000l\000a\000y}{section.9}% 103
\BOOKMARK [3][-]{subsubsection.9.6.1}{\376\377\000D\000o\000m\000a\000i\000n\000\040\000S\000e\000p\000a\000r\000a\000t\000i\000o\000n}{subsection.9.6}% 104
\BOOKMARK [2][-]{subsection.9.7}{\376\377\000P\000i\000n\000n\000i\000n\000g\000\040\000A\000t\000t\000a\000c\000k\000\040\000A\000n\000a\000l\000y\000s\000i\000s}{section.9}% 105
\BOOKMARK [3][-]{subsubsection.9.7.1}{\376\377\000M\000e\000c\000h\000a\000n\000i\000s\000m\000\040\000C\000o\000m\000p\000a\000r\000i\000s\000o\000n}{subsection.9.7}% 106
\BOOKMARK [2][-]{subsection.9.8}{\376\377\000G\000r\000i\000e\000f\000i\000n\000g\000\040\000A\000t\000t\000a\000c\000k\000\040\000C\000o\000s\000t\000\040\000A\000n\000a\000l\000y\000s\000i\000s}{section.9}% 107
\BOOKMARK [2][-]{subsection.9.9}{\376\377\000S\000e\000c\000u\000r\000i\000t\000y\000\040\000S\000u\000m\000m\000a\000r\000y}{section.9}% 108
\BOOKMARK [1][-]{section.10}{\376\377\000A\000p\000p\000l\000i\000c\000a\000t\000i\000o\000n\000\040\000S\000c\000e\000n\000a\000r\000i\000o\000s}{}% 109
\BOOKMARK [2][-]{subsection.10.1}{\376\377\000D\000e\000F\000i\000\040\000L\000i\000q\000u\000i\000d\000i\000t\000y\000\040\000M\000e\000s\000h}{section.10}% 110
\BOOKMARK [3][-]{subsubsection.10.1.1}{\376\377\000P\000r\000o\000b\000l\000e\000m\000\040\000S\000t\000a\000t\000e\000m\000e\000n\000t}{subsection.10.1}% 111
\BOOKMARK [3][-]{subsubsection.10.1.2}{\376\377\000P\000r\000o\000p\000o\000s\000e\000d\000\040\000S\000o\000l\000u\000t\000i\000o\000n\000:\000\040\000D\000y\000n\000a\000m\000i\000c\000\040\000L\000i\000q\000u\000i\000d\000i\000t\000y\000\040\000G\000r\000i\000d}{subsection.10.1}% 112
\BOOKMARK [2][-]{subsection.10.2}{\376\377\000M\000i\000c\000r\000o\000p\000a\000y\000m\000e\000n\000t\000\040\000S\000t\000r\000e\000a\000m\000i\000n\000g}{section.10}% 113
\BOOKMARK [2][-]{subsection.10.3}{\376\377\000D\000e\000c\000e\000n\000t\000r\000a\000l\000i\000z\000e\000d\000\040\000E\000x\000c\000h\000a\000n\000g\000e\000\040\000\050\000D\000E\000X\000\051}{section.10}% 114
\BOOKMARK [2][-]{subsection.10.4}{\376\377\000G\000a\000m\000i\000n\000g\000\040\000a\000n\000d\000\040\000V\000i\000r\000t\000u\000a\000l\000\040\000E\000c\000o\000n\000o\000m\000i\000e\000s}{section.10}% 115
\BOOKMARK [2][-]{subsection.10.5}{\376\377\000I\000o\000T\000\040\000M\000i\000c\000r\000o\000t\000r\000a\000n\000s\000a\000c\000t\000i\000o\000n\000s}{section.10}% 116
\BOOKMARK [2][-]{subsection.10.6}{\376\377\000C\000D\000N\000\040\000I\000n\000c\000e\000n\000t\000i\000v\000i\000z\000a\000t\000i\000o\000n}{section.10}% 117
\BOOKMARK [2][-]{subsection.10.7}{\376\377\000S\000u\000p\000p\000l\000y\000\040\000C\000h\000a\000i\000n\000\040\000F\000i\000n\000a\000n\000c\000e}{section.10}% 118
\BOOKMARK [2][-]{subsection.10.8}{\376\377\000S\000u\000m\000m\000a\000r\000y}{section.10}% 119
\BOOKMARK [1][-]{section.11}{\376\377\000E\000v\000a\000l\000u\000a\000t\000i\000o\000n\000\040\000a\000n\000d\000\040\000P\000e\000r\000f\000o\000r\000m\000a\000n\000c\000e\000\040\000A\000n\000a\000l\000y\000s\000i\000s}{}% 120
\BOOKMARK [2][-]{subsection.11.1}{\376\377\000E\000x\000p\000e\000r\000i\000m\000e\000n\000t\000a\000l\000\040\000S\000e\000t\000u\000p}{section.11}% 121
\BOOKMARK [2][-]{subsection.11.2}{\376\377\000T\000r\000a\000n\000s\000a\000c\000t\000i\000o\000n\000\040\000V\000a\000l\000i\000d\000a\000t\000i\000o\000n\000\040\000P\000e\000r\000f\000o\000r\000m\000a\000n\000c\000e}{section.11}% 122
\BOOKMARK [3][-]{subsubsection.11.2.1}{\376\377\000S\000i\000n\000g\000l\000e\000\040\000T\000r\000a\000n\000s\000a\000c\000t\000i\000o\000n\000\040\000L\000a\000t\000e\000n\000c\000y}{subsection.11.2}% 123
\BOOKMARK [3][-]{subsubsection.11.2.2}{\376\377\000B\000a\000t\000c\000h\000\040\000V\000e\000r\000i\000f\000i\000c\000a\000t\000i\000o\000n}{subsection.11.2}% 124
\BOOKMARK [2][-]{subsection.11.3}{\376\377\000S\000t\000o\000r\000a\000g\000e\000\040\000E\000f\000f\000i\000c\000i\000e\000n\000c\000y}{section.11}% 125
\BOOKMARK [3][-]{subsubsection.11.3.1}{\376\377\000S\000t\000a\000t\000e\000\040\000S\000t\000o\000r\000a\000g\000e\000\040\000C\000o\000s\000t}{subsection.11.3}% 126
\BOOKMARK [2][-]{subsection.11.4}{\376\377\000N\000e\000t\000w\000o\000r\000k\000\040\000D\000i\000s\000c\000o\000v\000e\000r\000y\000\040\000P\000e\000r\000f\000o\000r\000m\000a\000n\000c\000e}{section.11}% 127
\BOOKMARK [2][-]{subsection.11.5}{\376\377\000T\000o\000w\000a\000r\000d\000s\000\040\000A\000s\000y\000n\000c\000h\000r\000o\000n\000o\000u\000s\000\040\000P\000a\000y\000m\000e\000n\000t\000s\000:\000\040\000A\000r\000k\000\040\000I\000n\000t\000e\000g\000r\000a\000t\000i\000o\000n}{section.11}% 128
\BOOKMARK [3][-]{subsubsection.11.5.1}{\376\377\000M\000e\000r\000k\000l\000e\000i\000z\000e\000d\000\040\000S\000t\000a\000t\000e}{subsection.11.5}% 129
\BOOKMARK [3][-]{subsubsection.11.5.2}{\376\377\000N\000a\000t\000i\000v\000e\000\040\000L\000i\000f\000t\000\040\000\046\000\040\000F\000i\000n\000a\000l\000i\000z\000e}{subsection.11.5}% 130
\BOOKMARK [2][-]{subsection.11.6}{\376\377\000P\000e\000r\000f\000o\000r\000m\000a\000n\000c\000e\000\040\000S\000u\000m\000m\000a\000r\000y}{section.11}% 131
\BOOKMARK [1][-]{section.12}{\376\377\000P\000r\000i\000v\000a\000c\000y\000\040\000a\000n\000d\000\040\000A\000n\000o\000n\000y\000m\000i\000t\000y\000\040\000F\000r\000a\000m\000e\000w\000o\000r\000k}{}% 132
\BOOKMARK [2][-]{subsection.12.1}{\376\377\000T\000h\000r\000e\000a\000t\000\040\000M\000o\000d\000e\000l\000\040\000a\000n\000d\000\040\000A\000n\000o\000n\000y\000m\000i\000t\000y\000\040\000S\000e\000t}{section.12}% 133
\BOOKMARK [2][-]{subsection.12.2}{\376\377\000P\000a\000y\000m\000e\000n\000t\000\040\000L\000a\000y\000e\000r\000\040\000P\000r\000i\000v\000a\000c\000y\000\040\000A\000n\000a\000l\000y\000s\000i\000s}{section.12}% 134
\BOOKMARK [3][-]{subsubsection.12.2.1}{\376\377\000P\000T\000L\000C\000\040\000v\000s\000.\000\040\000H\000T\000L\000C}{subsection.12.2}% 135
\BOOKMARK [2][-]{subsection.12.3}{\376\377\000N\000e\000t\000w\000o\000r\000k\000\040\000L\000a\000y\000e\000r\000\040\000P\000r\000i\000v\000a\000c\000y\000:\000\040\000O\000n\000i\000o\000n\000\040\000R\000o\000u\000t\000i\000n\000g}{section.12}% 136
\BOOKMARK [3][-]{subsubsection.12.3.1}{\376\377\000O\000n\000i\000o\000n\000\040\000P\000a\000c\000k\000e\000t\000\040\000S\000t\000r\000u\000c\000t\000u\000r\000e}{subsection.12.3}% 137
\BOOKMARK [2][-]{subsection.12.4}{\376\377\000P\000r\000i\000v\000a\000c\000y\000-\000P\000e\000r\000f\000o\000r\000m\000a\000n\000c\000e\000\040\000T\000r\000a\000d\000e\000o\000f\000f}{section.12}% 138
\BOOKMARK [2][-]{subsection.12.5}{\376\377\000S\000t\000e\000a\000l\000t\000h\000\040\000A\000d\000d\000r\000e\000s\000s\000e\000s}{section.12}% 139
\BOOKMARK [2][-]{subsection.12.6}{\376\377\000S\000u\000m\000m\000a\000r\000y}{section.12}% 140
\BOOKMARK [1][-]{section.13}{\376\377\000M\000a\000r\000k\000e\000t\000\040\000D\000e\000s\000i\000g\000n\000\040\000a\000n\000d\000\040\000I\000n\000c\000e\000n\000t\000i\000v\000e\000\040\000M\000e\000c\000h\000a\000n\000i\000s\000m\000s}{}% 141
\BOOKMARK [2][-]{subsection.13.1}{\376\377\000C\000S\000P\000\040\000F\000e\000e\000\040\000S\000t\000r\000u\000c\000t\000u\000r\000e}{section.13}% 142
\BOOKMARK [2][-]{subsection.13.2}{\376\377\000L\000i\000q\000u\000i\000d\000i\000t\000y\000\040\000P\000r\000o\000v\000i\000d\000e\000r\000\040\000E\000c\000o\000n\000o\000m\000i\000c\000s}{section.13}% 143
\BOOKMARK [2][-]{subsection.13.3}{\376\377\000A\000n\000t\000i\000-\000C\000o\000l\000l\000u\000s\000i\000o\000n\000:\000\040\000L\0001\000\040\000F\000a\000l\000l\000b\000a\000c\000k}{section.13}% 144
\BOOKMARK [2][-]{subsection.13.4}{\376\377\000D\000y\000n\000a\000m\000i\000c\000\040\000F\000e\000e\000\040\000A\000d\000j\000u\000s\000t\000m\000e\000n\000t}{section.13}% 145
\BOOKMARK [2][-]{subsection.13.5}{\376\377\000I\000n\000c\000e\000n\000t\000i\000v\000e\000\040\000C\000o\000m\000p\000a\000t\000i\000b\000i\000l\000i\000t\000y}{section.13}% 146
\BOOKMARK [2][-]{subsection.13.6}{\376\377\000S\000u\000m\000m\000a\000r\000y}{section.13}% 147
\BOOKMARK [1][-]{section.14}{\376\377\000C\000o\000n\000c\000l\000u\000s\000i\000o\000n\000\040\000a\000n\000d\000\040\000F\000u\000t\000u\000r\000e\000\040\000W\000o\000r\000k}{}% 148
\BOOKMARK [2][-]{subsection.14.1}{\376\377\000S\000u\000m\000m\000a\000r\000y\000\040\000o\000f\000\040\000C\000o\000n\000t\000r\000i\000b\000u\000t\000i\000o\000n\000s}{section.14}% 149
\BOOKMARK [3][-]{subsubsection.14.1.1}{\376\377\000T\000h\000e\000o\000r\000e\000t\000i\000c\000a\000l\000\040\000F\000o\000u\000n\000d\000a\000t\000i\000o\000n\000s}{subsection.14.1}% 150
\BOOKMARK [3][-]{subsubsection.14.1.2}{\376\377\000S\000y\000s\000t\000e\000m\000\040\000A\000r\000c\000h\000i\000t\000e\000c\000t\000u\000r\000e}{subsection.14.1}% 151
\BOOKMARK [3][-]{subsubsection.14.1.3}{\376\377\000E\000m\000p\000i\000r\000i\000c\000a\000l\000\040\000V\000a\000l\000i\000d\000a\000t\000i\000o\000n}{subsection.14.1}% 152
\BOOKMARK [2][-]{subsection.14.2}{\376\377\000P\000a\000r\000a\000d\000i\000g\000m\000\040\000S\000h\000i\000f\000t\000s}{section.14}% 153
\BOOKMARK [2][-]{subsection.14.3}{\376\377\000L\000i\000m\000i\000t\000a\000t\000i\000o\000n\000s\000\040\000a\000n\000d\000\040\000M\000i\000t\000i\000g\000a\000t\000i\000o\000n\000\040\000S\000t\000r\000a\000t\000e\000g\000i\000e\000s}{section.14}% 154
\BOOKMARK [2][-]{subsection.14.4}{\376\377\000F\000u\000t\000u\000r\000e\000\040\000R\000e\000s\000e\000a\000r\000c\000h\000\040\000D\000i\000r\000e\000c\000t\000i\000o\000n\000s}{section.14}% 155
\BOOKMARK [3][-]{subsubsection.14.4.1}{\376\377\000S\000h\000o\000r\000t\000-\000T\000e\000r\000m\000\040\000E\000x\000t\000e\000n\000s\000i\000o\000n\000s}{subsection.14.4}% 156
\BOOKMARK [3][-]{subsubsection.14.4.2}{\376\377\000L\000o\000n\000g\000-\000T\000e\000r\000m\000\040\000V\000i\000s\000i\000o\000n}{subsection.14.4}% 157
\BOOKMARK [2][-]{subsection.14.5}{\376\377\000O\000p\000e\000n\000\040\000Q\000u\000e\000s\000t\000i\000o\000n\000s}{section.14}% 158
\BOOKMARK [2][-]{subsection.14.6}{\376\377\000B\000r\000o\000a\000d\000e\000r\000\040\000I\000m\000p\000a\000c\000t}{section.14}% 159
\BOOKMARK [2][-]{subsection.14.7}{\376\377\000C\000o\000n\000c\000l\000u\000d\000i\000n\000g\000\040\000R\000e\000m\000a\000r\000k\000s}{section.14}% 160
\BOOKMARK [1][-]{appendix.A}{\376\377\000G\000l\000o\000s\000s\000a\000r\000y\000\040\000a\000n\000d\000\040\000P\000r\000e\000l\000i\000m\000i\000n\000a\000r\000i\000e\000s}{}% 161
\BOOKMARK [2][-]{subsection.A.1}{\376\377\000L\000e\000d\000g\000e\000r\000\040\000M\000o\000d\000e\000l\000\040\000a\000n\000d\000\040\000T\000r\000a\000n\000s\000a\000c\000t\000i\000o\000n\000\040\000S\000t\000r\000u\000c\000t\000u\000r\000e}{appendix.A}% 162
\BOOKMARK [2][-]{subsection.A.2}{\376\377\000P\000a\000y\000m\000e\000n\000t\000\040\000C\000h\000a\000n\000n\000e\000l\000\040\000F\000u\000n\000d\000a\000m\000e\000n\000t\000a\000l\000s}{appendix.A}% 163
\BOOKMARK [2][-]{subsection.A.3}{\376\377\000C\000o\000n\000d\000i\000t\000i\000o\000n\000a\000l\000\040\000P\000a\000y\000m\000e\000n\000t\000\040\000P\000r\000i\000m\000i\000t\000i\000v\000e\000s}{appendix.A}% 164
\BOOKMARK [2][-]{subsection.A.4}{\376\377\000C\000r\000y\000p\000t\000o\000g\000r\000a\000p\000h\000i\000c\000\040\000F\000o\000u\000n\000d\000a\000t\000i\000o\000n\000s}{appendix.A}% 165
\BOOKMARK [2][-]{subsection.A.5}{\376\377\000T\000i\000m\000e\000l\000o\000c\000k\000\040\000M\000e\000c\000h\000a\000n\000i\000s\000m\000s}{appendix.A}% 166
\BOOKMARK [2][-]{subsection.A.6}{\376\377\000D\000i\000r\000e\000c\000t\000e\000d\000\040\000A\000c\000y\000c\000l\000i\000c\000\040\000G\000r\000a\000p\000h\000\040\000C\000o\000n\000s\000e\000n\000s\000u\000s}{appendix.A}% 167
\BOOKMARK [2][-]{subsection.A.7}{\376\377\000F\000i\000n\000i\000t\000e\000\040\000S\000t\000a\000t\000e\000\040\000M\000a\000c\000h\000i\000n\000e\000\040\000F\000o\000u\000n\000d\000a\000t\000i\000o\000n\000s}{appendix.A}% 168
\BOOKMARK [2][-]{subsection.A.8}{\376\377\000C\000o\000v\000e\000n\000a\000n\000t\000s\000\040\000a\000n\000d\000\040\000S\000c\000r\000i\000p\000t\000\040\000E\000x\000t\000e\000n\000s\000i\000o\000n\000s}{appendix.A}% 169
\BOOKMARK [2][-]{subsection.A.9}{\376\377\000N\000o\000t\000a\000t\000i\000o\000n\000\040\000C\000o\000n\000v\000e\000n\000t\000i\000o\000n\000s}{appendix.A}% 170
